<?xml version="1.0" encoding="UTF-8"?>
<!-- Generated by org.testng.reporters.JUnitReportReporter -->
<testsuite hostname="BACMREETH" failures="0" tests="1" name="restAPI.GetRequestwithParam" time="1.982" errors="0" timestamp="18 Mar 2021 07:32:37 GMT" skipped="0">
  <testcase classname="restAPI.GetRequestwithParam" name="test" time="1.982"/>
</testsuite> <!-- restAPI.GetRequestwithParam -->
