<?xml version="1.0" encoding="UTF-8"?>
<!-- Generated by org.testng.reporters.JUnitReportReporter -->
<testsuite hostname="BACMREETH" failures="0" tests="1" name="restAPI.DeleteRequest" time="1.889" errors="0" timestamp="18 Mar 2021 07:40:56 GMT" skipped="0">
  <testcase classname="restAPI.DeleteRequest" name="test" time="1.889"/>
</testsuite> <!-- restAPI.DeleteRequest -->
