<?xml version="1.0" encoding="UTF-8"?>
<!-- Generated by org.testng.reporters.JUnitReportReporter -->
<testsuite hostname="BACMREETH" failures="0" tests="1" name="restAPIBDD.GetRequestBDD" time="1.418" errors="0" timestamp="19 Mar 2021 04:17:42 GMT" skipped="0">
  <testcase classname="restAPIBDD.GetRequestBDD" name="test1" time="1.418"/>
</testsuite> <!-- restAPIBDD.GetRequestBDD -->
