<?xml version="1.0" encoding="UTF-8"?>
<!-- Generated by org.testng.reporters.JUnitReportReporter -->
<testsuite hostname="BACMREETH" failures="0" tests="1" name="restAPI.GetRequest" time="2.242" errors="0" timestamp="18 Mar 2021 07:20:35 GMT" skipped="0">
  <testcase classname="restAPI.GetRequest" name="test1" time="2.242"/>
</testsuite> <!-- restAPI.GetRequest -->
