<?xml version="1.0" encoding="UTF-8"?>
<!-- Generated by org.testng.reporters.JUnitReportReporter -->
<testsuite hostname="BACMREETH" failures="0" tests="1" name="restAPI.PostwithJsonObject" time="2.181" errors="0" timestamp="18 Mar 2021 07:38:43 GMT" skipped="0">
  <testcase classname="restAPI.PostwithJsonObject" name="test" time="2.181"/>
</testsuite> <!-- restAPI.PostwithJsonObject -->
