<?xml version="1.0" encoding="UTF-8"?>
<!-- Generated by org.testng.reporters.JUnitReportReporter -->
<testsuite hostname="BACMREETH" failures="0" tests="1" name="restAPI.PutRequest" time="2.018" errors="0" timestamp="18 Mar 2021 07:40:16 GMT" skipped="0">
  <testcase classname="restAPI.PutRequest" name="test" time="2.018"/>
</testsuite> <!-- restAPI.PutRequest -->
